=== TOEIC問題生成ログ ===
開始時刻: 2025/7/25 11:21:49
ログファイル: question-generation-medium-2025-07-25T11-21-49.log
モード: 本番出力
難易度: MEDIUM難易度のみ
問題タイプ: 通常
資料タイプ: 単一資料問題
生成問題数: 1問

既存の問題数: 168問

=== 生成結果 ===
✅ 成功: 1問
❌ 失敗: 0問
💰 推定API呼び出し回数: 2回

=== 生成された問題のJSONデータ ===

【問題 1】
{
  "id": "passage140",
  "title": "Subject: Scheduling the Upcoming Team Meeting",
  "type": "email",
  "content": "Dear Team,\n\nI hope this message finds you well. I am writing to coordinate our next team meeting, which we need to schedule for next week. Please let me know your availability by this Friday so that I can finalize the date and time that works for everyone.\n\nThe main agenda will include reviewing our quarterly goals, discussing current projects, and planning for the upcoming product launch. Please prepare any necessary reports or updates you'd like to share.\n\nFor those who are located remotely, we will set up a video conference link. Kindly inform me if you will require any special accommodations.\n\nLooking forward to your prompt responses.\n\nBest regards,\nAlex Johnson\nTeam Coordinator",
  "contentTranslation": "件名: 次回のチームミーティングのスケジュール調整\n\nチームの皆さんへ、\n\nお元気でいらっしゃいますか。来週予定している次回のチームミーティングのスケジュールを調整したく、ご連絡差し上げました。皆さんのご都合を今週金曜日までに教えていただけますと幸いです。皆さんにとって都合の良い日程と時間を決定したいと思います。\n\n主な議題は、四半期目標の確認、現在進行中のプロジェクトの議論、そして次回の製品発売の計画です。共有したいレポートや更新情報があれば、準備をお願いします。\n\n遠隔地にいる方のために、ビデオ会議用のリンクを設定いたします。特別な配慮が必要な場合はお知らせください。\n\n皆さんからの迅速なご返信をお待ちしております。\n\nよろしくお願いします。\n\nアレックス・ジョンソン\nチームコーディネーター",
  "questions": [
    {
      "id": "q1",
      "question": "According to the document, what is one of the main topics to be discussed in the meeting?",
      "questionTranslation": "文書によると、会議で議論される主なトピックの一つは何ですか？",
      "options": [
        "Reviewing quarterly goals",
        "Discussing budget allocations",
        "Planning a team-building event",
        "Analyzing competitors"
      ],
      "optionTranslations": [
        "四半期ごとの目標の確認",
        "予算配分の議論",
        "チームビルディングイベントの計画",
        "競合他社の分析"
      ],
      "correct": "A",
      "explanation": "文書の中で、会議の主な議題として「四半期ごとの目標の確認」が含まれていると明記されています。"
    },
    {
      "id": "q2",
      "question": "What can be inferred about the team members' locations?",
      "questionTranslation": "チームメンバーの所在地について何が推測できますか？",
      "options": [
        "All team members work in the same office.",
        "Some team members are working remotely.",
        "Team members are located in different countries.",
        "The team is planning to meet in person."
      ],
      "optionTranslations": [
        "すべてのチームメンバーが同じオフィスで働いている。",
        "一部のチームメンバーはリモートで働いている。",
        "チームメンバーは異なる国に所在している。",
        "チームは対面で会う予定だ。"
      ],
      "correct": "B",
      "explanation": "文書内で、遠隔地にいるメンバーのためにビデオ会議リンクを設定すると記載されていることから、一部のメンバーがリモートで働いていることが推測できます。"
    },
    {
      "id": "q3",
      "question": "What is the main purpose of this document?",
      "questionTranslation": "この文書の主な目的は何ですか？",
      "options": [
        "To announce a new project",
        "To coordinate a team meeting",
        "To provide a project update",
        "To discuss team performance"
      ],
      "optionTranslations": [
        "新しいプロジェクトを発表するため",
        "チームミーティングを調整するため",
        "プロジェクトの最新情報を提供するため",
        "チームの業績を議論するため"
      ],
      "correct": "B",
      "explanation": "文書の冒頭で、次回のチームミーティングを調整するために書かれたと明記されています。"
    }
  ],
  "metadata": {
    "difficulty": "medium",
    "estimatedTime": 300,
    "wordCount": 114,
    "questionCount": 3,
    "passageType": "email",
    "topic": "meeting_scheduling"
  },
  "partType": "part7_single_text",
  "toeicPart": "part7_single_text"
}

---

=== データベース更新結果 ===
💾 データベース更新完了: 1問を追加
📊 総問題数: 169問
🆔 実際に追加されたID: passage140

難易度別内訳:
  初級 (Easy): 0問
  中級 (Medium): 1問
  上級 (Hard): 0問

📄 文書タイプ別内訳:
  メール: 1問
  広告: 0問
  記事: 0問
  カスタマー対応: 0問
  社内チャット: 0問

=== 実行完了 ===
終了時刻: 2025/7/25 11:22:12
実行時間: 0.00秒
