=== TOEIC問題生成ログ ===
開始時刻: 2025/7/25 10:49:46
ログファイル: question-generation-medium-2025-07-25T10-49-46.log
モード: テスト出力
難易度: MEDIUM難易度のみ
問題タイプ: 通常
資料タイプ: 単一資料問題
生成問題数: 1問


=== 生成結果 ===
✅ 成功: 1問
❌ 失敗: 0問
💰 推定API呼び出し回数: 2回

=== 生成された問題のJSONデータ ===

【問題 1】
{
  "id": "passage1",
  "title": "",
  "type": "email",
  "content": "Subject: Scheduling Our Upcoming Project Meeting\n\nDear Team Members,\n\nI hope this message finds you well. We need to schedule our next project meeting to discuss the upcoming launch and review our current progress. Based on everyone's availability, I propose holding the meeting on Thursday, March 16th, at 2 PM in the main conference room.\n\nPlease confirm your availability for this date and time by the end of the day. If you are unable to attend, let me know your preferred alternatives, and I will do my best to accommodate everyone's schedule. Additionally, please prepare any updates on your assigned tasks to share during the meeting.\n\nThank you for your cooperation.\n\nBest regards,\n\nJessica Turner\nProject Coordinator",
  "contentTranslation": "件名: プロジェクト会議のスケジュール設定\n\nチームの皆様へ\n\nお元気でお過ごしのことと思います。私たちの次のプロジェクト会議をスケジュールする必要があります。会議では、次回のローンチについて話し合い、現在の進捗状況を確認します。皆さんの空き状況に基づき、3月16日木曜日の午後2時にメイン会議室での開催を提案します。\n\nこの日時での出席可能かどうかを本日中にご確認ください。出席が難しい場合は、希望する代替日程をお知らせください。皆さんのスケジュールに合わせられるよう最善を尽くします。また、会議中に共有するための担当タスクの最新情報を準備してください。\n\nご協力ありがとうございます。\n\n宜しくお願い致します。\n\nジェシカ・ターナー\nプロジェクトコーディネーター",
  "questions": [
    {
      "id": "q1",
      "question": "What is the main purpose of this document?",
      "questionTranslation": "この文書の主な目的は何ですか？",
      "options": [
        "To schedule a project meeting",
        "To announce a new project",
        "To introduce a new team member",
        "To provide a project update"
      ],
      "optionTranslations": [
        "プロジェクトミーティングをスケジュールすること",
        "新しいプロジェクトを発表すること",
        "新しいチームメンバーを紹介すること",
        "プロジェクトの最新情報を提供すること"
      ],
      "correct": "A",
      "explanation": "このメールの目的は、次回のプロジェクトミーティングの日程を決定することです。文書の冒頭で『我々の次回のプロジェクトミーティングをスケジュールする必要があります』と述べられており、日付と時間の提案が含まれています。"
    },
    {
      "id": "q2",
      "question": "Based on the information given, what is likely to happen if someone cannot attend the meeting?",
      "questionTranslation": "与えられた情報に基づくと、誰かが会議に出席できない場合に起こりそうなことは何ですか？",
      "options": [
        "The meeting will be canceled.",
        "The person will be asked to send a substitute.",
        "Alternative dates and times will be considered.",
        "The project will be delayed."
      ],
      "optionTranslations": [
        "会議はキャンセルされる。",
        "その人は代理人を送るように求められる。",
        "代替の日程と時間が考慮される。",
        "プロジェクトが遅れる。"
      ],
      "correct": "C",
      "explanation": "メールには『出席できない場合は、希望する代替日程を知らせてください』と記載されており、出席できない場合には代替日程が考慮されることが示唆されています。"
    },
    {
      "id": "q3",
      "question": "Where will the project meeting take place?",
      "questionTranslation": "プロジェクトミーティングはどこで開催されますか？",
      "options": [
        "Online via a video call",
        "In the main conference room",
        "At a local restaurant",
        "In Jessica Turner's office"
      ],
      "optionTranslations": [
        "ビデオ通話を通じてオンラインで",
        "メイン会議室で",
        "近くのレストランで",
        "ジェシカ・ターナーのオフィスで"
      ],
      "correct": "B",
      "explanation": "メールには『メイン会議室で』と明確に記載されており、ミーティングの場所が指定されています。"
    }
  ],
  "metadata": {
    "difficulty": "medium",
    "estimatedTime": 300,
    "wordCount": 117,
    "questionCount": 3,
    "passageType": "email",
    "topic": "meeting_scheduling"
  }
}

---

🧪 テストモード: 問題データベースには追加されません

=== 実行完了 ===
終了時刻: 2025/7/25 10:50:15
実行時間: 0.00秒
