=== TOEIC問題生成ログ ===
開始時刻: 2025/7/22 15:25:20
ログファイル: question-generation-medium-2025-07-22T15-25-20.log
モード: 本番出力
難易度: MEDIUM難易度のみ
問題タイプ: 通常
資料タイプ: 単一資料問題
生成問題数: 1問

既存の問題数: 162問

=== 生成結果 ===
✅ 成功: 1問
❌ 失敗: 0問
💰 推定API呼び出し回数: 2回

=== 生成された問題のJSONデータ ===

【問題 1】
{
  "id": "passage133",
  "title": "Subject: Upcoming Project Meeting Schedule",
  "type": "email",
  "content": "Subject: Upcoming Project Meeting Schedule\n\nDear Team,\n\nI hope this message finds you well. I am writing to confirm the details of our upcoming project meeting. We have scheduled it for Thursday, November 16th, from 10:00 AM to 11:30 AM. The meeting will be held in Conference Room B on the second floor.\n\nPlease make sure to bring any relevant documents and be prepared to discuss your progress on the current project. If you are unable to attend, kindly inform me by Tuesday, November 14th, so we can make necessary arrangements.\n\nAdditionally, I would like to remind everyone to submit their status reports by the end of this week. Let me know if you have any questions or require further information.\n\nLooking forward to our productive session.\n\nBest regards,\n\nJohn Doe\nProject Manager",
  "contentTranslation": "件名: 次回のプロジェクト会議のスケジュール\n\nチームの皆さんへ\n\nお元気でお過ごしでしょうか。次回のプロジェクト会議の詳細をご確認いただくためにメールをお送りしています。会議は11月16日木曜日、午前10時から11時30分までの予定です。会場は2階の会議室Bです。\n\n関連書類を持参し、現在進行中のプロジェクトについての進捗状況を報告できるよう準備してください。出席できない場合は、11月14日火曜日までにご連絡いただけますと幸いです。\n\nまた、今週末までにステータスレポートを提出していただけるよう、皆さんにお知らせします。ご質問や追加情報が必要な場合は、お知らせください。\n\n生産的な会議を楽しみにしています。\n\nよろしくお願いします。\n\nジョン・ドウ\nプロジェクトマネージャー",
  "questions": [
    {
      "id": "q1",
      "question": "When will the project meeting take place?",
      "questionTranslation": "プロジェクト会議はいつ行われますか？",
      "options": [
        "Thursday, November 16th",
        "Tuesday, November 14th",
        "Friday, November 17th",
        "Wednesday, November 15th"
      ],
      "optionTranslations": [
        "11月16日（木）",
        "11月14日（火）",
        "11月17日（金）",
        "11月15日（水）"
      ],
      "correct": "A",
      "explanation": "文書中の『We have scheduled it for Thursday, November 16th』という記述から、会議は11月16日（木）に行われることがわかります。"
    },
    {
      "id": "q2",
      "question": "Where will the meeting be held?",
      "questionTranslation": "会議はどこで行われますか？",
      "options": [
        "Conference Room A",
        "Conference Room B",
        "Conference Room C",
        "Main Auditorium"
      ],
      "optionTranslations": [
        "会議室A",
        "会議室B",
        "会議室C",
        "メインホール"
      ],
      "correct": "B",
      "explanation": "文書中の『The meeting will be held in Conference Room B on the second floor』という記述から、会議は2階の会議室Bで行われることがわかります。"
    },
    {
      "id": "q3",
      "question": "What is the main purpose of this document?",
      "questionTranslation": "この文書の主な目的は何ですか？",
      "options": [
        "To announce a new project",
        "To confirm meeting details",
        "To request status reports",
        "To introduce a new team member"
      ],
      "optionTranslations": [
        "新しいプロジェクトを発表するため",
        "会議の詳細を確認するため",
        "進捗報告を依頼するため",
        "新しいチームメンバーを紹介するため"
      ],
      "correct": "B",
      "explanation": "文書全体の内容から、主な目的はプロジェクト会議の詳細を確認することです。冒頭に『I am writing to confirm the details of our upcoming project meeting』と述べられています。"
    }
  ],
  "metadata": {
    "difficulty": "medium",
    "estimatedTime": 300,
    "wordCount": 133,
    "questionCount": 3,
    "passageType": "email",
    "topic": "meeting_scheduling"
  }
}

---

=== データベース更新結果 ===
💾 データベース更新完了: 1問を追加
📊 総問題数: 163問
🆔 実際に追加されたID: 

難易度別内訳:
  初級 (Easy): 0問
  中級 (Medium): 1問
  上級 (Hard): 0問

📄 文書タイプ別内訳:
  メール: 1問
  広告: 0問
  記事: 0問
  カスタマー対応: 0問
  社内チャット: 0問

=== 実行完了 ===
終了時刻: 2025/7/22 15:25:44
実行時間: 0.00秒
